#
# There is insufficient memory for the Java Runtime Environment to continue.
# Native memory allocation (malloc) failed to allocate 2011520 bytes for Chunk::new
# Possible reasons:
#   The system is out of physical RAM or swap space
#   The process is running with CompressedOops enabled, and the Java Heap may be blocking the growth of the native heap
# Possible solutions:
#   Reduce memory load on the system
#   Increase physical memory or swap space
#   Check if swap backing store is full
#   Decrease Java heap size (-Xmx/-Xms)
#   Decrease number of Java threads
#   Decrease Java thread stack sizes (-Xss)
#   Set larger code cache with -XX:ReservedCodeCacheSize=
#   JVM is running with Zero Based Compressed Oops mode in which the Java heap is
#     placed in the first 32GB address space. The Java Heap base address is the
#     maximum limit for the native heap growth. Please use -XX:HeapBaseMinAddress
#     to set the Java Heap base and to place the Java Heap above 32GB virtual address.
# This output file may be truncated or incomplete.
#
#  Out of Memory Error (arena.cpp:184), pid=21832, tid=4260
#
# JRE version: OpenJDK Runtime Environment (20.0+36) (build 20+36-2344)
# Java VM: OpenJDK 64-Bit Server VM (20+36-2344, mixed mode, sharing, tiered, compressed oops, compressed class ptrs, g1 gc, windows-amd64)
# No core dump will be written. Minidumps are not enabled by default on client versions of Windows
#

---------------  S U M M A R Y ------------

Command Line: -javaagent:C:\Program Files\JetBrains\IntelliJ IDEA Community Edition 2023.1\lib\idea_rt.jar=63937:C:\Program Files\JetBrains\IntelliJ IDEA Community Edition 2023.1\bin -Dfile.encoding=UTF-8 -Dsun.stdout.encoding=UTF-8 -Dsun.stderr.encoding=UTF-8 -Xmx4096m com.digital_banking.bank.BankApplication

Host: Intel(R) Core(TM) i7-8550U CPU @ 1.80GHz, 8 cores, 7G,  Windows 11 , 64 bit Build 22621 (10.0.22621.1778)
Time: Thu Jun 22 11:26:12 2023 Maroc (heure d64 bit Build 22621 (10.0.22621.1778) elapsed time: 6.803295 seconds (0d 0h 0m 6s)

---------------  T H R E A D  ---------------

Current thread (0x000001b70910f890):  JavaThread "C2 CompilerThread1" daemon [_thread_in_native, id=4260, stack(0x0000007e8fd00000,0x0000007e8fe00000)]


Current CompileTask:
C2:   6803 3606       4       org.springframework.beans.factory.support.AbstractBeanFactory::isTypeMatch (619 bytes)

Stack: [0x0000007e8fd00000,0x0000007e8fe00000]
Native frames: (J=compiled Java code, j=interpreted, Vv=VM code, C=native code)
V  [jvm.dll+0x6bb95a]
V  [jvm.dll+0x8483aa]
V  [jvm.dll+0x849fa5]
V  [jvm.dll+0x84a6a3]
V  [jvm.dll+0x280b0f]
V  [jvm.dll+0xc2b11]
V  [jvm.dll+0xc2e35]
V  [jvm.dll+0x3bb17c]
V  [jvm.dll+0x3857f5]
V  [jvm.dll+0x384c6a]
V  [jvm.dll+0x24b259]
V  [jvm.dll+0x24a651]
V  [jvm.dll+0x1ce491]
V  [jvm.dll+0x259e1b]
V  [jvm.dll+0x2584f0]
V  [jvm.dll+0x3f2895]
V  [jvm.dll+0x7f4906]
V  [jvm.dll+0x6ba5cb]
C  [ucrtbase.dll+0x29363]
C  [KERNEL32.DLL+0x126ad]
C  [ntdll.dll+0x5a9f8]


---------------  P R O C E S S  ---------------

Threads class SMR info:
_java_thread_list=0x000001b7093a7010, length=16, elements={
0x000001b7646fd120, 0x000001b77fcf8010, 0x000001b77fcfab60, 0x000001b77fcfbf70,
0x000001b77fd00e50, 0x000001b77fd05180, 0x000001b77fd04190, 0x000001b77fd0d180,
0x000001b77fd35b40, 0x000001b77fd031a0, 0x000001b77fd03c40, 0x000001b77fd036f0,
0x000001b77fd02700, 0x000001b77fd02c50, 0x000001b70910f890, 0x000001b70924f880
}

Java Threads: ( => current thread )
  0x000001b7646fd120 JavaThread "main" [_thread_blocked, id=1252, stack(0x0000007e8ec00000,0x0000007e8ed00000)]
  0x000001b77fcf8010 JavaThread "Reference Handler" daemon [_thread_blocked, id=4360, stack(0x0000007e8f300000,0x0000007e8f400000)]
  0x000001b77fcfab60 JavaThread "Finalizer" daemon [_thread_blocked, id=2292, stack(0x0000007e8f400000,0x0000007e8f500000)]
  0x000001b77fcfbf70 JavaThread "Signal Dispatcher" daemon [_thread_blocked, id=15192, stack(0x0000007e8f500000,0x0000007e8f600000)]
  0x000001b77fd00e50 JavaThread "Attach Listener" daemon [_thread_blocked, id=22620, stack(0x0000007e8f600000,0x0000007e8f700000)]
  0x000001b77fd05180 JavaThread "Service Thread" daemon [_thread_blocked, id=6112, stack(0x0000007e8f700000,0x0000007e8f800000)]
  0x000001b77fd04190 JavaThread "Monitor Deflation Thread" daemon [_thread_blocked, id=19624, stack(0x0000007e8f800000,0x0000007e8f900000)]
  0x000001b77fd0d180 JavaThread "C2 CompilerThread0" daemon [_thread_in_native, id=4672, stack(0x0000007e8f900000,0x0000007e8fa00000)]
  0x000001b77fd35b40 JavaThread "C1 CompilerThread0" daemon [_thread_blocked, id=1520, stack(0x0000007e8fa00000,0x0000007e8fb00000)]
  0x000001b77fd031a0 JavaThread "Common-Cleaner" daemon [_thread_blocked, id=2400, stack(0x0000007e8fb00000,0x0000007e8fc00000)]
  0x000001b77fd03c40 JavaThread "Monitor Ctrl-Break" daemon [_thread_in_native, id=22976, stack(0x0000007e8fe00000,0x0000007e8ff00000)]
  0x000001b77fd036f0 JavaThread "Notification Thread" daemon [_thread_blocked, id=20948, stack(0x0000007e8ff00000,0x0000007e90000000)]
  0x000001b77fd02700 JavaThread "Thread-0" [_thread_blocked, id=16616, stack(0x0000007e90100000,0x0000007e90200000)]
  0x000001b77fd02c50 JavaThread "restartedMain" [_thread_in_Java, id=13384, stack(0x0000007e90200000,0x0000007e90300000)]
=>0x000001b70910f890 JavaThread "C2 CompilerThread1" daemon [_thread_in_native, id=4260, stack(0x0000007e8fd00000,0x0000007e8fe00000)]
  0x000001b70924f880 JavaThread "C2 CompilerThread2" daemon [_thread_in_native, id=11280, stack(0x0000007e90a00000,0x0000007e90b00000)]

Other Threads:
  0x000001b77fcdc740 VMThread "VM Thread" [stack: 0x0000007e8f200000,0x0000007e8f300000] [id=11068]
  0x000001b70835ddf0 WatcherThread "VM Periodic Task Thread" [stack: 0x0000007e90000000,0x0000007e90100000] [id=14168]
  0x000001b76476c010 WorkerThread "GC Thread#0" [stack: 0x0000007e8ed00000,0x0000007e8ee00000] [id=22980]
  0x000001b708e26cd0 WorkerThread "GC Thread#1" [stack: 0x0000007e90300000,0x0000007e90400000] [id=19960]
  0x000001b708de8860 WorkerThread "GC Thread#2" [stack: 0x0000007e90400000,0x0000007e90500000] [id=11384]
  0x000001b708de8b30 WorkerThread "GC Thread#3" [stack: 0x0000007e90500000,0x0000007e90600000] [id=5812]
  0x000001b708df7f40 WorkerThread "GC Thread#4" [stack: 0x0000007e90600000,0x0000007e90700000] [id=15904]
  0x000001b708df6e60 WorkerThread "GC Thread#5" [stack: 0x0000007e90700000,0x0000007e90800000] [id=8676]
  0x000001b708df76d0 WorkerThread "GC Thread#6" [stack: 0x0000007e90800000,0x0000007e90900000] [id=2532]
  0x000001b708df7400 WorkerThread "GC Thread#7" [stack: 0x0000007e90900000,0x0000007e90a00000] [id=6744]
  0x000001b76477cf20 ConcurrentGCThread "G1 Main Marker" [stack: 0x0000007e8ee00000,0x0000007e8ef00000] [id=18304]
  0x000001b76477f2a0 WorkerThread "G1 Conc#0" [stack: 0x0000007e8ef00000,0x0000007e8f000000] [id=13572]
  0x000001b708df7c70 WorkerThread "G1 Conc#1" [stack: 0x0000007e8fc00000,0x0000007e8fd00000] [id=15792]
  0x000001b77fb94930 ConcurrentGCThread "G1 Refine#0" [stack: 0x0000007e8f000000,0x0000007e8f100000] [id=9876]
  0x000001b77fb95270 ConcurrentGCThread "G1 Service" [stack: 0x0000007e8f100000,0x0000007e8f200000] [id=3056]

Threads with active compile tasks:
C2 CompilerThread0     6873 3591       4       org.springframework.core.ResolvableType::as (86 bytes)
C2 CompilerThread1     6873 3606       4       org.springframework.beans.factory.support.AbstractBeanFactory::isTypeMatch (619 bytes)
C2 CompilerThread2     6873 3689       4       org.springframework.core.annotation.AnnotationsScanner::getDeclaredAnnotations (166 bytes)

VM state: not at safepoint (normal execution)

VM Mutex/Monitor currently owned by a thread: None

Heap address: 0x0000000700000000, size: 4096 MB, Compressed Oops mode: Zero based, Oop shift amount: 3

CDS archive(s) mapped at: [0x0000000800000000-0x0000000800c60000-0x0000000800c60000), size 12976128, SharedBaseAddress: 0x0000000800000000, ArchiveRelocationMode: 0.
Compressed class space mapped at: 0x0000000801000000-0x0000000841000000, reserved size: 1073741824
Narrow klass base: 0x0000000800000000, Narrow klass shift: 0, Narrow klass range: 0x100000000

GC Precious Log:
 CardTable entry size: 512
 Card Set container configuration: InlinePtr #cards 4 size 8 Array Of Cards #cards 16 size 48 Howl #buckets 8 coarsen threshold 3686 Howl Bitmap #cards 512 size 80 coarsen threshold 460 Card regions per heap region 1 cards per card region 4096
 CPUs: 8 total, 8 available
 Memory: 8007M
 Large Page Support: Disabled
 NUMA Support: Disabled
 Compressed Oops: Enabled (Zero based)
 Heap Region Size: 2M
 Heap Min Capacity: 8M
 Heap Initial Capacity: 126M
 Heap Max Capacity: 4G
 Pre-touch: Disabled
 Parallel Workers: 8
 Concurrent Workers: 2
 Concurrent Refinement Workers: 8
 Periodic GC: Disabled

Heap:
 garbage-first heap   total 55296K, used 24901K [0x0000000700000000, 0x0000000800000000)
  region size 2048K, 8 young (16384K), 2 survivors (4096K)
 Metaspace       used 27507K, committed 27968K, reserved 1114112K
  class space    used 3491K, committed 3712K, reserved 1048576K

Heap Regions: E=young(eden), S=young(survivor), O=old, HS=humongous(starts), HC=humongous(continues), CS=collection set, F=free, OA=open archive, CA=closed archive, TAMS=top-at-mark-start, PB=parsable bottom
|   0|0x0000000700000000, 0x0000000700200000, 0x0000000700200000|100%| O|  |TAMS 0x0000000700000000| PB 0x0000000700000000| Untracked 
|   1|0x0000000700200000, 0x0000000700400000, 0x0000000700400000|100%| O|  |TAMS 0x0000000700200000| PB 0x0000000700200000| Untracked 
|   2|0x0000000700400000, 0x0000000700600000, 0x0000000700600000|100%| O|  |TAMS 0x0000000700400000| PB 0x0000000700400000| Untracked 
|   3|0x0000000700600000, 0x000000070066c000, 0x0000000700800000| 21%| O|  |TAMS 0x0000000700600000| PB 0x0000000700600000| Complete 
|   4|0x0000000700800000, 0x0000000700a00000, 0x0000000700a00000|100%| O|  |TAMS 0x0000000700800000| PB 0x0000000700800000| Untracked 
|   5|0x0000000700a00000, 0x0000000700c00000, 0x0000000700c00000|100%| O|  |TAMS 0x0000000700a00000| PB 0x0000000700a00000| Untracked 
|   6|0x0000000700c00000, 0x0000000700d93000, 0x0000000700e00000| 78%| O|  |TAMS 0x0000000700c00000| PB 0x0000000700c00000| Untracked 
|   7|0x0000000700e00000, 0x0000000700e00000, 0x0000000701000000|  0%| F|  |TAMS 0x0000000700e00000| PB 0x0000000700e00000| Untracked 
|   8|0x0000000701000000, 0x0000000701000000, 0x0000000701200000|  0%| F|  |TAMS 0x0000000701000000| PB 0x0000000701000000| Untracked 
|   9|0x0000000701200000, 0x00000007012524b0, 0x0000000701400000| 16%| S|CS|TAMS 0x0000000701200000| PB 0x0000000701200000| Complete 
|  10|0x0000000701400000, 0x0000000701600000, 0x0000000701600000|100%| S|CS|TAMS 0x0000000701400000| PB 0x0000000701400000| Complete 
|  11|0x0000000701600000, 0x0000000701600000, 0x0000000701800000|  0%| F|  |TAMS 0x0000000701600000| PB 0x0000000701600000| Untracked 
|  12|0x0000000701800000, 0x0000000701800000, 0x0000000701a00000|  0%| F|  |TAMS 0x0000000701800000| PB 0x0000000701800000| Untracked 
|  13|0x0000000701a00000, 0x0000000701a00000, 0x0000000701c00000|  0%| F|  |TAMS 0x0000000701a00000| PB 0x0000000701a00000| Untracked 
|  14|0x0000000701c00000, 0x0000000701c00000, 0x0000000701e00000|  0%| F|  |TAMS 0x0000000701c00000| PB 0x0000000701c00000| Untracked 
|  15|0x0000000701e00000, 0x0000000701e00000, 0x0000000702000000|  0%| F|  |TAMS 0x0000000701e00000| PB 0x0000000701e00000| Untracked 
|  16|0x0000000702000000, 0x0000000702000000, 0x0000000702200000|  0%| F|  |TAMS 0x0000000702000000| PB 0x0000000702000000| Untracked 
|  17|0x0000000702200000, 0x0000000702200000, 0x0000000702400000|  0%| F|  |TAMS 0x0000000702200000| PB 0x0000000702200000| Untracked 
|  18|0x0000000702400000, 0x0000000702400000, 0x0000000702600000|  0%| F|  |TAMS 0x0000000702400000| PB 0x0000000702400000| Untracked 
|  19|0x0000000702600000, 0x0000000702600000, 0x0000000702800000|  0%| F|  |TAMS 0x0000000702600000| PB 0x0000000702600000| Untracked 
|  20|0x0000000702800000, 0x0000000702800000, 0x0000000702a00000|  0%| F|  |TAMS 0x0000000702800000| PB 0x0000000702800000| Untracked 
|  21|0x0000000702a00000, 0x0000000702acf280, 0x0000000702c00000| 40%| E|  |TAMS 0x0000000702a00000| PB 0x0000000702a00000| Complete 
|  22|0x0000000702c00000, 0x0000000702e00000, 0x0000000702e00000|100%| E|CS|TAMS 0x0000000702c00000| PB 0x0000000702c00000| Complete 
|  34|0x0000000704400000, 0x0000000704600000, 0x0000000704600000|100%| E|CS|TAMS 0x0000000704400000| PB 0x0000000704400000| Complete 
|  35|0x0000000704600000, 0x0000000704800000, 0x0000000704800000|100%| E|CS|TAMS 0x0000000704600000| PB 0x0000000704600000| Complete 
|  36|0x0000000704800000, 0x0000000704a00000, 0x0000000704a00000|100%| E|CS|TAMS 0x0000000704800000| PB 0x0000000704800000| Complete 
|  62|0x0000000707c00000, 0x0000000707e00000, 0x0000000707e00000|100%| E|CS|TAMS 0x0000000707c00000| PB 0x0000000707c00000| Complete 

Card table byte_map: [0x000001b77c2d0000,0x000001b77cad0000] _byte_map_base: 0x000001b778ad0000

Marking Bits: (CMBitMap*) 0x000001b76476c640
 Bits: [0x000001b700000000, 0x000001b704000000)

Polling page: 0x000001b762680000

Metaspace:

Usage:
  Non-class:     23.46 MB used.
      Class:      3.41 MB used.
       Both:     26.87 MB used.

Virtual space:
  Non-class space:       64.00 MB reserved,      23.69 MB ( 37%) committed,  1 nodes.
      Class space:        1.00 GB reserved,       3.62 MB ( <1%) committed,  1 nodes.
             Both:        1.06 GB reserved,      27.31 MB (  3%) committed. 

Chunk freelists:
   Non-Class:  3.77 MB
       Class:  359.00 KB
        Both:  4.12 MB

MaxMetaspaceSize: unlimited
CompressedClassSpaceSize: 1.00 GB
Initial GC threshold: 21.00 MB
Current GC threshold: 35.12 MB
CDS: on
MetaspaceReclaimPolicy: balanced
 - commit_granule_bytes: 65536.
 - commit_granule_words: 8192.
 - virtual_space_node_default_size: 8388608.
 - enlarge_chunks_in_place: 1.
 - new_chunks_are_fully_committed: 0.
 - uncommit_free_chunks: 1.
 - use_allocation_guard: 0.


Internal statistics:

num_allocs_failed_limit: 3.
num_arena_births: 492.
num_arena_deaths: 0.
num_vsnodes_births: 2.
num_vsnodes_deaths: 0.
num_space_committed: 437.
num_space_uncommitted: 0.
num_chunks_returned_to_freelist: 3.
num_chunks_taken_from_freelist: 1511.
num_chunk_merges: 3.
num_chunk_splits: 1021.
num_chunks_enlarged: 740.
num_inconsistent_stats: 0.

CodeHeap 'non-profiled nmethods': size=120000Kb used=1749Kb max_used=1749Kb free=118250Kb
 bounds [0x000001b774270000, 0x000001b7744e0000, 0x000001b77b7a0000]
CodeHeap 'profiled nmethods': size=120000Kb used=7934Kb max_used=7934Kb free=112066Kb
 bounds [0x000001b76c7a0000, 0x000001b76cf60000, 0x000001b773cd0000]
CodeHeap 'non-nmethods': size=5760Kb used=1492Kb max_used=1593Kb free=4267Kb
 bounds [0x000001b773cd0000, 0x000001b773f40000, 0x000001b774270000]
 total_blobs=4290 nmethods=3773 adapters=427
 compilation: enabled
              stopped_count=0, restarted_count=0
 full_count=0

Compilation events (20 events):
Event: 6.782 Thread 0x000001b77fd35b40 3748       3       org.springframework.boot.context.properties.source.SpringConfigurationPropertySources::iterator (23 bytes)
Event: 6.783 Thread 0x000001b77fd35b40 nmethod 3748 0x000001b76cf4d390 code [0x000001b76cf4d5c0, 0x000001b76cf4e068]
Event: 6.785 Thread 0x000001b77fd35b40 3750       3       java.util.ArrayList::add (65 bytes)
Event: 6.786 Thread 0x000001b77fd35b40 nmethod 3750 0x000001b76cf4e410 code [0x000001b76cf4e600, 0x000001b76cf4ecb8]
Event: 6.786 Thread 0x000001b77fd35b40 3751       3       java.lang.ProcessEnvironment$CheckedKeySet::size (10 bytes)
Event: 6.786 Thread 0x000001b77fd35b40 nmethod 3751 0x000001b76cf4ef90 code [0x000001b76cf4f120, 0x000001b76cf4f2f8]
Event: 6.786 Thread 0x000001b77fd35b40 3752       3       java.lang.ProcessEnvironment$CheckedKeySet::iterator (10 bytes)
Event: 6.787 Thread 0x000001b77fd35b40 nmethod 3752 0x000001b76cf4f390 code [0x000001b76cf4f520, 0x000001b76cf4f6f8]
Event: 6.791 Thread 0x000001b77fd35b40 3753       3       org.springframework.boot.env.OriginTrackedMapPropertySource::getProperty (25 bytes)
Event: 6.791 Thread 0x000001b77fd35b40 nmethod 3753 0x000001b76cf4f790 code [0x000001b76cf4f960, 0x000001b76cf4ffb0]
Event: 6.792 Thread 0x000001b77fd35b40 3754   !   3       org.springframework.core.env.PropertiesPropertySource::getPropertyNames (22 bytes)
Event: 6.792 Thread 0x000001b77fd35b40 nmethod 3754 0x000001b76cf50110 code [0x000001b76cf50320, 0x000001b76cf50cb0]
Event: 6.793 Thread 0x000001b77fd35b40 3755       3       java.util.Properties::keySet (12 bytes)
Event: 6.793 Thread 0x000001b77fd35b40 nmethod 3755 0x000001b76cf50f90 code [0x000001b76cf51180, 0x000001b76cf51768]
Event: 6.793 Thread 0x000001b77fd35b40 3756   !   3       java.util.Collections$SynchronizedCollection::isEmpty (24 bytes)
Event: 6.794 Thread 0x000001b77fd35b40 nmethod 3756 0x000001b76cf51990 code [0x000001b76cf51b20, 0x000001b76cf51df0]
Event: 6.794 Thread 0x000001b77fd35b40 3758   !   3       jdk.proxy2.$Proxy37::annotationType (29 bytes)
Event: 6.794 Thread 0x000001b77fd35b40 nmethod 3758 0x000001b76cf51f10 code [0x000001b76cf520c0, 0x000001b76cf524b8]
Event: 6.795 Thread 0x000001b77fd35b40 3757       3       java.util.concurrent.ConcurrentHashMap$CollectionView::isEmpty (8 bytes)
Event: 6.796 Thread 0x000001b77fd35b40 nmethod 3757 0x000001b76cf52690 code [0x000001b76cf52840, 0x000001b76cf52a60]

GC Heap History (8 events):
Event: 1.524 GC heap before
{Heap before GC invocations=0 (full 0):
 garbage-first heap   total 129024K, used 20480K [0x0000000700000000, 0x0000000800000000)
  region size 2048K, 11 young (22528K), 0 survivors (0K)
 Metaspace       used 5358K, committed 5568K, reserved 1114112K
  class space    used 583K, committed 704K, reserved 1048576K
}
Event: 1.532 GC heap after
{Heap after GC invocations=1 (full 0):
 garbage-first heap   total 129024K, used 6404K [0x0000000700000000, 0x0000000800000000)
  region size 2048K, 2 young (4096K), 2 survivors (4096K)
 Metaspace       used 5358K, committed 5568K, reserved 1114112K
  class space    used 583K, committed 704K, reserved 1048576K
}
Event: 2.811 GC heap before
{Heap before GC invocations=1 (full 0):
 garbage-first heap   total 129024K, used 30980K [0x0000000700000000, 0x0000000800000000)
  region size 2048K, 15 young (30720K), 2 survivors (4096K)
 Metaspace       used 12291K, committed 12608K, reserved 1114112K
  class space    used 1591K, committed 1728K, reserved 1048576K
}
Event: 2.822 GC heap after
{Heap after GC invocations=2 (full 0):
 garbage-first heap   total 129024K, used 8944K [0x0000000700000000, 0x0000000800000000)
  region size 2048K, 2 young (4096K), 2 survivors (4096K)
 Metaspace       used 12291K, committed 12608K, reserved 1114112K
  class space    used 1591K, committed 1728K, reserved 1048576K
}
Event: 4.629 GC heap before
{Heap before GC invocations=2 (full 0):
 garbage-first heap   total 129024K, used 56048K [0x0000000700000000, 0x0000000800000000)
  region size 2048K, 26 young (53248K), 2 survivors (4096K)
 Metaspace       used 21229K, committed 21504K, reserved 1114112K
  class space    used 2621K, committed 2752K, reserved 1048576K
}
Event: 4.640 GC heap after
{Heap after GC invocations=3 (full 0):
 garbage-first heap   total 129024K, used 12620K [0x0000000700000000, 0x0000000800000000)
  region size 2048K, 3 young (6144K), 3 survivors (6144K)
 Metaspace       used 21229K, committed 21504K, reserved 1114112K
  class space    used 2621K, committed 2752K, reserved 1048576K
}
Event: 6.180 GC heap before
{Heap before GC invocations=4 (full 0):
 garbage-first heap   total 55296K, used 39244K [0x0000000700000000, 0x0000000800000000)
  region size 2048K, 16 young (32768K), 3 survivors (6144K)
 Metaspace       used 25347K, committed 25728K, reserved 1114112K
  class space    used 3164K, committed 3328K, reserved 1048576K
}
Event: 6.192 GC heap after
{Heap after GC invocations=5 (full 0):
 garbage-first heap   total 55296K, used 14661K [0x0000000700000000, 0x0000000800000000)
  region size 2048K, 2 young (4096K), 2 survivors (4096K)
 Metaspace       used 25347K, committed 25728K, reserved 1114112K
  class space    used 3164K, committed 3328K, reserved 1048576K
}

Dll operation events (13 events):
Event: 0.022 Loaded shared library C:\Users\21261\.jdks\openjdk-20\bin\java.dll
Event: 0.042 Loaded shared library C:\Users\21261\.jdks\openjdk-20\bin\jsvml.dll
Event: 0.311 Loaded shared library C:\Users\21261\.jdks\openjdk-20\bin\zip.dll
Event: 0.317 Loaded shared library C:\Users\21261\.jdks\openjdk-20\bin\instrument.dll
Event: 0.329 Loaded shared library C:\Users\21261\.jdks\openjdk-20\bin\net.dll
Event: 0.333 Loaded shared library C:\Users\21261\.jdks\openjdk-20\bin\nio.dll
Event: 0.341 Loaded shared library C:\Users\21261\.jdks\openjdk-20\bin\zip.dll
Event: 0.545 Loaded shared library C:\Program Files\JetBrains\IntelliJ IDEA Community Edition 2023.1\bin\breakgen64.dll
Event: 0.566 Loaded shared library C:\Users\21261\.jdks\openjdk-20\bin\extnet.dll
Event: 0.636 Loaded shared library C:\Users\21261\.jdks\openjdk-20\bin\jimage.dll
Event: 1.270 Loaded shared library C:\Users\21261\.jdks\openjdk-20\bin\management.dll
Event: 1.276 Loaded shared library C:\Users\21261\.jdks\openjdk-20\bin\management_ext.dll
Event: 2.548 Loaded shared library C:\Users\21261\.jdks\openjdk-20\bin\verify.dll

Deoptimization events (20 events):
Event: 6.663 Thread 0x000001b77fd02c50 Uncommon trap: trap_request=0xffffffde fr.pc=0x000001b77441ffa8 relative=0x0000000000000f08
Event: 6.663 Thread 0x000001b77fd02c50 Uncommon trap: reason=class_check action=maybe_recompile pc=0x000001b77441ffa8 method=java.util.concurrent.ConcurrentHashMap.putVal(Ljava/lang/Object;Ljava/lang/Object;Z)Ljava/lang/Object; @ 242 c2
Event: 6.663 Thread 0x000001b77fd02c50 DEOPT PACKING pc=0x000001b77441ffa8 sp=0x0000007e902fd7d0
Event: 6.663 Thread 0x000001b77fd02c50 DEOPT UNPACKING pc=0x000001b773d39d22 sp=0x0000007e902fd740 mode 2
Event: 6.689 Thread 0x000001b77fd02c50 Uncommon trap: trap_request=0xffffff45 fr.pc=0x000001b77441e678 relative=0x00000000000000d8
Event: 6.689 Thread 0x000001b77fd02c50 Uncommon trap: reason=unstable_if action=reinterpret pc=0x000001b77441e678 method=java.lang.reflect.Method.equals(Ljava/lang/Object;)Z @ 45 c2
Event: 6.689 Thread 0x000001b77fd02c50 DEOPT PACKING pc=0x000001b77441e678 sp=0x0000007e902fc260
Event: 6.689 Thread 0x000001b77fd02c50 DEOPT UNPACKING pc=0x000001b773d39d22 sp=0x0000007e902fc1f8 mode 2
Event: 6.689 Thread 0x000001b77fd02c50 Uncommon trap: trap_request=0xffffffde fr.pc=0x000001b77441ffa8 relative=0x0000000000000f08
Event: 6.689 Thread 0x000001b77fd02c50 Uncommon trap: reason=class_check action=maybe_recompile pc=0x000001b77441ffa8 method=java.util.concurrent.ConcurrentHashMap.putVal(Ljava/lang/Object;Ljava/lang/Object;Z)Ljava/lang/Object; @ 242 c2
Event: 6.689 Thread 0x000001b77fd02c50 DEOPT PACKING pc=0x000001b77441ffa8 sp=0x0000007e902fc250
Event: 6.689 Thread 0x000001b77fd02c50 DEOPT UNPACKING pc=0x000001b773d39d22 sp=0x0000007e902fc1c0 mode 2
Event: 6.711 Thread 0x000001b77fd02c50 Uncommon trap: trap_request=0xffffff45 fr.pc=0x000001b77440b9d0 relative=0x0000000000000910
Event: 6.711 Thread 0x000001b77fd02c50 Uncommon trap: reason=unstable_if action=reinterpret pc=0x000001b77440b9d0 method=jdk.internal.org.objectweb.asm.MethodWriter.visitInsn(I)V @ 24 c2
Event: 6.711 Thread 0x000001b77fd02c50 DEOPT PACKING pc=0x000001b77440b9d0 sp=0x0000007e902f5410
Event: 6.711 Thread 0x000001b77fd02c50 DEOPT UNPACKING pc=0x000001b773d39d22 sp=0x0000007e902f53f8 mode 2
Event: 6.751 Thread 0x000001b77fd02c50 Uncommon trap: trap_request=0xffffffde fr.pc=0x000001b77441b114 relative=0x0000000000000274
Event: 6.751 Thread 0x000001b77fd02c50 Uncommon trap: reason=class_check action=maybe_recompile pc=0x000001b77441b114 method=java.util.Collections$SetFromMap.contains(Ljava/lang/Object;)Z @ 5 c2
Event: 6.751 Thread 0x000001b77fd02c50 DEOPT PACKING pc=0x000001b77441b114 sp=0x0000007e902fbaa0
Event: 6.751 Thread 0x000001b77fd02c50 DEOPT UNPACKING pc=0x000001b773d39d22 sp=0x0000007e902fba48 mode 2

Classes loaded (20 events):
Event: 6.579 Loading class java/util/ResourceBundle$BundleReference
Event: 6.579 Loading class java/util/ResourceBundle$BundleReference done
Event: 6.641 Loading class javax/management/MBeanRegistration
Event: 6.641 Loading class javax/management/MBeanRegistration done
Event: 6.721 Loading class java/beans/Introspector
Event: 6.722 Loading class java/beans/Introspector done
Event: 6.722 Loading class java/beans/EventSetDescriptor
Event: 6.723 Loading class java/beans/EventSetDescriptor done
Event: 6.723 Loading class java/beans/Introspector$1
Event: 6.723 Loading class jdk/internal/access/JavaBeansAccess
Event: 6.723 Loading class jdk/internal/access/JavaBeansAccess done
Event: 6.723 Loading class java/beans/Introspector$1 done
Event: 6.755 Loading class java/util/function/IntUnaryOperator
Event: 6.755 Loading class java/util/function/IntUnaryOperator done
Event: 6.756 Loading class java/util/stream/IntPipeline$4
Event: 6.757 Loading class java/util/stream/IntPipeline$4 done
Event: 6.758 Loading class java/util/stream/ForEachOps$ForEachOp$OfInt
Event: 6.759 Loading class java/util/stream/ForEachOps$ForEachOp$OfInt done
Event: 6.759 Loading class java/util/stream/IntPipeline$4$1
Event: 6.759 Loading class java/util/stream/IntPipeline$4$1 done

Classes unloaded (0 events):
No events

Classes redefined (0 events):
No events

Internal exceptions (20 events):
Event: 5.978 Thread 0x000001b77fd02c50 Exception <a 'java/lang/NoSuchMethodError'{0x000000070184e388}: 'java.lang.Object java.lang.invoke.DirectMethodHandle$Holder.invokeSpecial(java.lang.Object, java.lang.Object, int, java.lang.Object, java.lang.Object)'> (0x000000070184e388) 
thrown [s\open\src\hotspot\share\interpreter\linkResolver.cpp, line 773]
Event: 5.979 Thread 0x000001b77fd02c50 Exception <a 'java/lang/NoSuchMethodError'{0x0000000701851db8}: 'java.lang.Object java.lang.invoke.DelegatingMethodHandle$Holder.delegate(java.lang.Object, int, java.lang.Object, java.lang.Object)'> (0x0000000701851db8) 
thrown [s\open\src\hotspot\share\interpreter\linkResolver.cpp, line 773]
Event: 5.984 Thread 0x000001b77fd02c50 Exception <a 'java/lang/NoSuchMethodError'{0x00000007018610e0}: 'int java.lang.invoke.Invokers$Holder.linkToTargetMethod(java.lang.Object, java.lang.Object, java.lang.Object)'> (0x00000007018610e0) 
thrown [s\open\src\hotspot\share\interpreter\linkResolver.cpp, line 773]
Event: 6.061 Thread 0x000001b77fd02c50 Exception <a 'java/lang/NoSuchMethodError'{0x0000000701979aa0}: 'void java.lang.invoke.Invokers$Holder.invokeExact_MT(java.lang.Object, java.lang.Object, java.lang.Object)'> (0x0000000701979aa0) 
thrown [s\open\src\hotspot\share\interpreter\linkResolver.cpp, line 773]
Event: 6.096 Thread 0x000001b77fd02c50 Exception <a 'java/lang/NoClassDefFoundError'{0x00000007019f26f8}: org/flywaydb/core/Flyway> (0x00000007019f26f8) 
thrown [s\open\src\hotspot\share\classfile\systemDictionary.cpp, line 294]
Event: 6.097 Thread 0x000001b77fd02c50 Exception <a 'java/lang/NoClassDefFoundError'{0x00000007019f3628}: liquibase/integration/spring/SpringLiquibase> (0x00000007019f3628) 
thrown [s\open\src\hotspot\share\classfile\systemDictionary.cpp, line 294]
Event: 6.201 Thread 0x000001b77fd02c50 Exception <a 'java/lang/NoClassDefFoundError'{0x0000000707c30e18}: org/jooq/DSLContext> (0x0000000707c30e18) 
thrown [s\open\src\hotspot\share\classfile\systemDictionary.cpp, line 294]
Event: 6.203 Thread 0x000001b77fd02c50 Exception <a 'java/lang/NoClassDefFoundError'{0x0000000707c3fa00}: org/springframework/batch/core/repository/JobRepository> (0x0000000707c3fa00) 
thrown [s\open\src\hotspot\share\classfile\systemDictionary.cpp, line 294]
Event: 6.203 Thread 0x000001b77fd02c50 Exception <a 'java/lang/NoClassDefFoundError'{0x0000000707c40730}: org/quartz/Scheduler> (0x0000000707c40730) 
thrown [s\open\src\hotspot\share\classfile\systemDictionary.cpp, line 294]
Event: 6.204 Thread 0x000001b77fd02c50 Exception <a 'java/lang/NoClassDefFoundError'{0x0000000707c417a0}: org/springframework/session/jdbc/JdbcIndexedSessionRepository> (0x0000000707c417a0) 
thrown [s\open\src\hotspot\share\classfile\systemDictionary.cpp, line 294]
Event: 6.278 Thread 0x000001b77fd02c50 Exception <a 'java/lang/NoSuchMethodError'{0x0000000707d72840}: 'void java.lang.invoke.DirectMethodHandle$Holder.invokeSpecial(java.lang.Object, java.lang.Object, java.lang.Object, java.lang.Object, java.lang.Object, java.lang.Object)'> (0x0000000707d72840) 
thrown [s\open\src\hotspot\share\interpreter\linkResolver.cpp, line 773]
Event: 6.350 Thread 0x000001b77fd02c50 Exception <a 'java/lang/NoSuchMethodError'{0x00000007048a6ff0}: 'void java.lang.invoke.DirectMethodHandle$Holder.invokeVirtual(java.lang.Object, java.lang.Object, int)'> (0x00000007048a6ff0) 
thrown [s\open\src\hotspot\share\interpreter\linkResolver.cpp, line 773]
Event: 6.351 Thread 0x000001b77fd02c50 Exception <a 'java/lang/NoSuchMethodError'{0x00000007048aaf28}: 'int java.lang.invoke.DirectMethodHandle$Holder.invokeSpecial(java.lang.Object, java.lang.Object, java.lang.Object, int)'> (0x00000007048aaf28) 
thrown [s\open\src\hotspot\share\interpreter\linkResolver.cpp, line 773]
Event: 6.354 Thread 0x000001b77fd02c50 Exception <a 'java/lang/NoSuchMethodError'{0x00000007048bcc60}: 'java.lang.Object java.lang.invoke.DirectMethodHandle$Holder.invokeStatic(java.lang.Object, java.lang.Object, java.lang.Object, java.lang.Object, int)'> (0x00000007048bcc60) 
thrown [s\open\src\hotspot\share\interpreter\linkResolver.cpp, line 773]
Event: 6.356 Thread 0x000001b77fd02c50 Exception <a 'java/lang/NoSuchMethodError'{0x00000007048c7318}: 'void java.lang.invoke.DelegatingMethodHandle$Holder.reinvoke_L(java.lang.Object, java.lang.Object, int)'> (0x00000007048c7318) 
thrown [s\open\src\hotspot\share\interpreter\linkResolver.cpp, line 773]
Event: 6.400 Thread 0x000001b77fd02c50 Implicit null exception at 0x000001b774406e60 to 0x000001b774406f0d
Event: 6.517 Thread 0x000001b77fd02c50 Exception <a 'java/lang/NoSuchMethodError'{0x0000000704732c78}: 'java.lang.Object java.lang.invoke.DirectMethodHandle$Holder.invokeVirtual(java.lang.Object, java.lang.Object, java.lang.Object, java.lang.Object, java.lang.Object)'> (0x0000000704732c78) 
thrown [s\open\src\hotspot\share\interpreter\linkResolver.cpp, line 773]
Event: 6.711 Thread 0x000001b77fd02c50 Implicit null exception at 0x000001b77440b167 to 0x000001b77440b9c0
Event: 6.711 Thread 0x000001b77fd02c50 Exception <a 'java/lang/NoSuchMethodError'{0x0000000702c0c5f0}: 'java.lang.reflect.Field[] java.lang.Class.getDeclaredFields(java.lang.Class)'> (0x0000000702c0c5f0) 
thrown [s\open\src\hotspot\share\interpreter\linkResolver.cpp, line 773]
Event: 6.757 Thread 0x000001b77fd02c50 Exception <a 'java/lang/NoSuchMethodError'{0x0000000702c872b8}: 'void java.lang.invoke.DirectMethodHandle$Holder.invokeStatic(java.lang.Object, java.lang.Object, int)'> (0x0000000702c872b8) 
thrown [s\open\src\hotspot\share\interpreter\linkResolver.cpp, line 773]

VM Operations (20 events):
Event: 5.534 Executing VM operation: HandshakeAllThreads
Event: 5.534 Executing VM operation: HandshakeAllThreads done
Event: 5.894 Executing VM operation: HandshakeAllThreads
Event: 5.894 Executing VM operation: HandshakeAllThreads done
Event: 5.942 Executing VM operation: HandshakeAllThreads
Event: 5.942 Executing VM operation: HandshakeAllThreads done
Event: 5.948 Executing VM operation: HandshakeAllThreads
Event: 5.948 Executing VM operation: HandshakeAllThreads done
Event: 6.079 Executing VM operation: ICBufferFull
Event: 6.079 Executing VM operation: ICBufferFull done
Event: 6.180 Executing VM operation: G1CollectForAllocation
Event: 6.193 Executing VM operation: G1CollectForAllocation done
Event: 6.370 Executing VM operation: HandshakeAllThreads
Event: 6.370 Executing VM operation: HandshakeAllThreads done
Event: 6.462 Executing VM operation: HandshakeAllThreads
Event: 6.462 Executing VM operation: HandshakeAllThreads done
Event: 6.734 Executing VM operation: HandshakeAllThreads
Event: 6.734 Executing VM operation: HandshakeAllThreads done
Event: 6.762 Executing VM operation: ICBufferFull
Event: 6.763 Executing VM operation: ICBufferFull done

Events (20 events):
Event: 0.076 Thread 0x000001b77fd00e50 Thread added: 0x000001b77fd00e50
Event: 0.077 Thread 0x000001b77fd05180 Thread added: 0x000001b77fd05180
Event: 0.077 Thread 0x000001b77fd04190 Thread added: 0x000001b77fd04190
Event: 0.077 Thread 0x000001b77fd0d180 Thread added: 0x000001b77fd0d180
Event: 0.078 Thread 0x000001b77fd35b40 Thread added: 0x000001b77fd35b40
Event: 0.260 Thread 0x000001b77fd031a0 Thread added: 0x000001b77fd031a0
Event: 0.382 Thread 0x000001b7082430a0 Thread added: 0x000001b7082430a0
Event: 0.408 Thread 0x000001b7082bb340 Thread added: 0x000001b7082bb340
Event: 0.546 Thread 0x000001b77fd03c40 Thread added: 0x000001b77fd03c40
Event: 0.547 Thread 0x000001b77fd036f0 Thread added: 0x000001b77fd036f0
Event: 1.417 Thread 0x000001b77fd02700 Thread added: 0x000001b77fd02700
Event: 1.424 Thread 0x000001b77fd02c50 Thread added: 0x000001b77fd02c50
Event: 1.981 Thread 0x000001b7082bb340 Thread exited: 0x000001b7082bb340
Event: 2.331 Thread 0x000001b7082430a0 Thread exited: 0x000001b7082430a0
Event: 2.342 Thread 0x000001b708ee5e30 Thread added: 0x000001b708ee5e30
Event: 2.691 Thread 0x000001b70910f890 Thread added: 0x000001b70910f890
Event: 3.256 Thread 0x000001b708ee88b0 Thread added: 0x000001b708ee88b0
Event: 3.399 Thread 0x000001b708ee88b0 Thread exited: 0x000001b708ee88b0
Event: 3.482 Thread 0x000001b70924f880 Thread added: 0x000001b70924f880
Event: 4.211 Thread 0x000001b708ee5e30 Thread exited: 0x000001b708ee5e30


Dynamic libraries:
0x00007ff751e00000 - 0x00007ff751e0e000 	C:\Users\21261\.jdks\openjdk-20\bin\java.exe
0x00007ffa595f0000 - 0x00007ffa59804000 	C:\WINDOWS\SYSTEM32\ntdll.dll
0x00007ffa57f50000 - 0x00007ffa58012000 	C:\WINDOWS\System32\KERNEL32.DLL
0x00007ffa56d90000 - 0x00007ffa57133000 	C:\WINDOWS\System32\KERNELBASE.dll
0x00007ffa569f0000 - 0x00007ffa56b01000 	C:\WINDOWS\System32\ucrtbase.dll
0x00007ffa4b5c0000 - 0x00007ffa4b5d7000 	C:\Users\21261\.jdks\openjdk-20\bin\jli.dll
0x00007ffa260e0000 - 0x00007ffa260fb000 	C:\Users\21261\.jdks\openjdk-20\bin\VCRUNTIME140.dll
0x00007ffa593d0000 - 0x00007ffa5957b000 	C:\WINDOWS\System32\USER32.dll
0x00007ffa571b0000 - 0x00007ffa571d6000 	C:\WINDOWS\System32\win32u.dll
0x00007ffa22ac0000 - 0x00007ffa22d4e000 	C:\WINDOWS\WinSxS\amd64_microsoft.windows.common-controls_6595b64144ccf1df_6.0.22621.1635_none_270f70857386168e\COMCTL32.dll
0x00007ffa59580000 - 0x00007ffa595a9000 	C:\WINDOWS\System32\GDI32.dll
0x00007ffa57920000 - 0x00007ffa579c7000 	C:\WINDOWS\System32\msvcrt.dll
0x00007ffa56c70000 - 0x00007ffa56d89000 	C:\WINDOWS\System32\gdi32full.dll
0x00007ffa56b10000 - 0x00007ffa56baa000 	C:\WINDOWS\System32\msvcp_win.dll
0x00007ffa57d90000 - 0x00007ffa57dc1000 	C:\WINDOWS\System32\IMM32.DLL
0x00007ffa3a5b0000 - 0x00007ffa3a5bc000 	C:\Users\21261\.jdks\openjdk-20\bin\vcruntime140_1.dll
0x00007ffa1dec0000 - 0x00007ffa1df4e000 	C:\Users\21261\.jdks\openjdk-20\bin\msvcp140.dll
0x00007ffa0cc70000 - 0x00007ffa0d907000 	C:\Users\21261\.jdks\openjdk-20\bin\server\jvm.dll
0x00007ffa57810000 - 0x00007ffa578be000 	C:\WINDOWS\System32\ADVAPI32.dll
0x00007ffa57af0000 - 0x00007ffa57b94000 	C:\WINDOWS\System32\sechost.dll
0x00007ffa58f20000 - 0x00007ffa59037000 	C:\WINDOWS\System32\RPCRT4.dll
0x00007ffa499a0000 - 0x00007ffa499d4000 	C:\WINDOWS\SYSTEM32\WINMM.dll
0x00007ffa33f30000 - 0x00007ffa33f39000 	C:\WINDOWS\SYSTEM32\WSOCK32.dll
0x00007ffa4fae0000 - 0x00007ffa4faea000 	C:\WINDOWS\SYSTEM32\VERSION.dll
0x00007ffa58220000 - 0x00007ffa58291000 	C:\WINDOWS\System32\WS2_32.dll
0x00007ffa55af0000 - 0x00007ffa55b08000 	C:\WINDOWS\SYSTEM32\kernel.appcore.dll
0x00007ffa3a4c0000 - 0x00007ffa3a4ca000 	C:\Users\21261\.jdks\openjdk-20\bin\jimage.dll
0x00007ffa54020000 - 0x00007ffa5424e000 	C:\WINDOWS\SYSTEM32\DBGHELP.DLL
0x00007ffa57480000 - 0x00007ffa57809000 	C:\WINDOWS\System32\combase.dll
0x00007ffa57e50000 - 0x00007ffa57f27000 	C:\WINDOWS\System32\OLEAUT32.dll
0x00007ffa4fb70000 - 0x00007ffa4fba2000 	C:\WINDOWS\SYSTEM32\dbgcore.DLL
0x00007ffa571e0000 - 0x00007ffa5725b000 	C:\WINDOWS\System32\bcryptPrimitives.dll
0x00007ffa4e5e0000 - 0x00007ffa4e5ee000 	C:\Users\21261\.jdks\openjdk-20\bin\instrument.dll
0x00007ffa23a90000 - 0x00007ffa23ab6000 	C:\Users\21261\.jdks\openjdk-20\bin\java.dll
0x00007ffa145e0000 - 0x00007ffa146b7000 	C:\Users\21261\.jdks\openjdk-20\bin\jsvml.dll
0x00007ffa582a0000 - 0x00007ffa58a9a000 	C:\WINDOWS\System32\SHELL32.dll
0x00007ffa549b0000 - 0x00007ffa5527e000 	C:\WINDOWS\SYSTEM32\windows.storage.dll
0x00007ffa54870000 - 0x00007ffa549ae000 	C:\WINDOWS\SYSTEM32\wintypes.dll
0x00007ffa579f0000 - 0x00007ffa57ae1000 	C:\WINDOWS\System32\SHCORE.dll
0x00007ffa581c0000 - 0x00007ffa5821e000 	C:\WINDOWS\System32\shlwapi.dll
0x00007ffa56920000 - 0x00007ffa56941000 	C:\WINDOWS\SYSTEM32\profapi.dll
0x00007ffa23a70000 - 0x00007ffa23a88000 	C:\Users\21261\.jdks\openjdk-20\bin\zip.dll
0x00007ffa25c50000 - 0x00007ffa25c63000 	C:\Users\21261\.jdks\openjdk-20\bin\net.dll
0x00007ffa4c500000 - 0x00007ffa4c637000 	C:\WINDOWS\SYSTEM32\WINHTTP.dll
0x00007ffa55f60000 - 0x00007ffa55fc9000 	C:\WINDOWS\system32\mswsock.dll
0x00007ffa25770000 - 0x00007ffa25786000 	C:\Users\21261\.jdks\openjdk-20\bin\nio.dll
0x00007ffa3c180000 - 0x00007ffa3c19a000 	C:\Program Files\JetBrains\IntelliJ IDEA Community Edition 2023.1\bin\breakgen64.dll
0x00007ffa39a90000 - 0x00007ffa39a97000 	C:\Users\21261\.jdks\openjdk-20\bin\extnet.dll
0x00007ffa4bae0000 - 0x00007ffa4baea000 	C:\Users\21261\.jdks\openjdk-20\bin\management.dll
0x00007ffa44fd0000 - 0x00007ffa44fdb000 	C:\Users\21261\.jdks\openjdk-20\bin\management_ext.dll
0x00007ffa579e0000 - 0x00007ffa579e8000 	C:\WINDOWS\System32\PSAPI.DLL
0x00007ffa35770000 - 0x00007ffa35780000 	C:\Users\21261\.jdks\openjdk-20\bin\verify.dll

dbghelp: loaded successfully - version: 4.0.5 - missing functions: none
symbol engine: initialized successfully - sym options: 0x614 - pdb path: .;C:\Users\21261\.jdks\openjdk-20\bin;C:\WINDOWS\SYSTEM32;C:\WINDOWS\WinSxS\amd64_microsoft.windows.common-controls_6595b64144ccf1df_6.0.22621.1635_none_270f70857386168e;C:\Users\21261\.jdks\openjdk-20\bin\server;C:\Program Files\JetBrains\IntelliJ IDEA Community Edition 2023.1\bin

VM Arguments:
jvm_args: -javaagent:C:\Program Files\JetBrains\IntelliJ IDEA Community Edition 2023.1\lib\idea_rt.jar=63937:C:\Program Files\JetBrains\IntelliJ IDEA Community Edition 2023.1\bin -Dfile.encoding=UTF-8 -Dsun.stdout.encoding=UTF-8 -Dsun.stderr.encoding=UTF-8 -Xmx4096m 
java_command: com.digital_banking.bank.BankApplication
java_class_path (initial): C:\Users\21261\EMSI\Bureau\spring\bank\target\classes;C:\Users\21261\.m2\repository\org\springframework\boot\spring-boot-starter-data-jpa\3.0.6\spring-boot-starter-data-jpa-3.0.6.jar;C:\Users\21261\.m2\repository\org\springframework\boot\spring-boot-starter-aop\3.0.6\spring-boot-starter-aop-3.0.6.jar;C:\Users\21261\.m2\repository\org\springframework\spring-aop\6.0.8\spring-aop-6.0.8.jar;C:\Users\21261\.m2\repository\org\aspectj\aspectjweaver\1.9.19\aspectjweaver-1.9.19.jar;C:\Users\21261\.m2\repository\org\springframework\boot\spring-boot-starter-jdbc\3.0.6\spring-boot-starter-jdbc-3.0.6.jar;C:\Users\21261\.m2\repository\com\zaxxer\HikariCP\5.0.1\HikariCP-5.0.1.jar;C:\Users\21261\.m2\repository\org\springframework\spring-jdbc\6.0.8\spring-jdbc-6.0.8.jar;C:\Users\21261\.m2\repository\org\hibernate\orm\hibernate-core\6.1.7.Final\hibernate-core-6.1.7.Final.jar;C:\Users\21261\.m2\repository\jakarta\persistence\jakarta.persistence-api\3.1.0\jakarta.persistence-api-3.1.0.jar;C:\Users\21261\.m2\repository\jakarta\transaction\jakarta.transaction-api\2.0.1\jakarta.transaction-api-2.0.1.jar;C:\Users\21261\.m2\repository\org\jboss\logging\jboss-logging\3.5.0.Final\jboss-logging-3.5.0.Final.jar;C:\Users\21261\.m2\repository\org\hibernate\common\hibernate-commons-annotations\6.0.6.Final\hibernate-commons-annotations-6.0.6.Final.jar;C:\Users\21261\.m2\repository\org\jboss\jandex\2.4.2.Final\jandex-2.4.2.Final.jar;C:\Users\21261\.m2\repository\com\fasterxml\classmate\1.5.1\classmate-1.5.1.jar;C:\Users\21261\.m2\repository\net\bytebuddy\byte-buddy\1.12.23\byte-buddy-1.12.23.jar;C:\Users\21261\.m2\repository\org\glassfish\jaxb\jaxb-runtime\4.0.2\jaxb-runtime-4.0.2.jar;C:\Users\21261\.m2\repository\org\glassfish\jaxb\jaxb-core\4.0.2\jaxb-core-4.0.2.jar;C:\Users\21261\.m2\repository\org\eclipse\angus\angus-activation\2.0.0\angus-activation-2.0.0.jar;C:\Users\21261\.m2\repository\org\glassfish\jaxb\txw2\4.0.2\txw2-4.0.2.jar;C:\Users\21261\.m2\repository\com\sun\istack\istack-commons-runtime\4.1.1\istack-commons-runtime-4.1.1.jar;C:\Users\21261\.m2\repository\jakarta\inject\jakarta.inject-api\2.0.0\jakarta.inject-api-2.0.0.jar;C:\Users\21261\.m2\repository\org\antlr\antlr4-runtime\4.10.1\antlr4-runtime-4.10.1.jar;C:\Users\21261\.m2\repository\org\springframework\data\spring-data-jpa\3.0.5\spring-data-jpa-3.0.5.jar;C:\Users\21261\.m2\repository\org\springframework\data\spring-data-commons\3.0.5\spring-data-commons-3.0.5.jar;C:\Users\21261\.m2\repository\org\springframework\spring-orm\6.0.8\spring-orm-6.0.8.jar;C:\Users\21261\.m2\repository\org\springframework\spring-context\6.0.8\spring-context-6.0.8.jar;C:\Users\21261\.m2\repository\org\springframework\spring-tx\6.0.8\spring-tx-6.0.8.jar;C:\Users\21261\.m2\repository\org\springframework\spring-beans\6.0.8\spring-beans-6.0.8.jar;C:\Users\21261\.m2\repository\org\slf4j\slf4j-api\2.0.7\slf4j-api-2.0.7.jar;C:\Users\21261\.m2\repository\org\springframework\spring-aspects\6.0.8\spring-aspects-6.0.8.jar;C:\Users\21261\.m2\repository\org\springframework\boot\spring-boot-starter-web\3.0.6\spring-boot-starter-web-3.0.6.jar;C:\Users\21261\.m2\repository\org\springframework\boot\spring-boot-starter\3.0.6\spring-boot-starter-3.0.6.jar;C:\Users\21261\.m2\repository\org\springframework\boot\spring-boot-starter-logging\3.0.6\spring-boot-starter-logging-3.0.6.jar;C:\Users\21261\.m2\repository\ch\qos\logback\logback-classic\1.4.7\logback-classic-1.4.7.jar;C:\Users\21261\.m2\repository\ch\qos\logback\logback-core\1.4.7\logback-core-1.4.7.jar;C:\Users\21261\.m2\repository\org\apache\logging\log4j\log4j-to-slf4j\2.19.0\log4j-to-slf4j-2.19.0.jar;C:\Users\21261\.m2\repository\org\apache\logging\log4j\log4j-api\2.19.0\log4j-api-2.19.0.jar;C:\Users\21261\.m2\repository\org\slf4j\jul-to-slf4j\2.0.7\jul-to-slf4j-2.0.7.jar;C:\Users\21261\.m2\repository\org\yaml\snakeyaml\1.33\snakeyaml-1.33.jar;C:\Users\21261\.m2\repository\org\springframework\boot\spring-boot-starter-json\3.0.6\spring-boot-starter-json-3.0.6.jar;C:\Users\21261\.m2\repository\com\fasterxml\jackson\core\jackson-databind\2.14.2\jackson-databind-2.14.2.jar;C:\Users\21261\.m2\repository\com\fasterxml\jackson\core\jackson-annotations\2.14.2\jackson-annotations-2.14.2.jar;C:\Users\21261\.m2\repository\com\fasterxml\jackson\core\jackson-core\2.14.2\jackson-core-2.14.2.jar;C:\Users\21261\.m2\repository\com\fasterxml\jackson\datatype\jackson-datatype-jdk8\2.14.2\jackson-datatype-jdk8-2.14.2.jar;C:\Users\21261\.m2\repository\com\fasterxml\jackson\datatype\jackson-datatype-jsr310\2.14.2\jackson-datatype-jsr310-2.14.2.jar;C:\Users\21261\.m2\repository\com\fasterxml\jackson\module\jackson-module-parameter-names\2.14.2\jackson-module-parameter-names-2.14.2.jar;C:\Users\21261\.m2\repository\org\springframework\spring-web\6.0.8\spring-web-6.0.8.jar;C:\Users\21261\.m2\repository\io\micrometer\micrometer-observation\1.10.6\micrometer-observation-1.10.6.jar;C:\Users\21261\.m2\repository\io\micrometer\micrometer-commons\1.10.6\micrometer-commons-1.10.6.jar;C:\Users\21261\.m2\repository\org\springframework\spring-webmvc\6.0.8\spring-webmvc-6.0.8.jar;C:\Users\21261\.m2\repository\org\springframework\spring-expression\6.0.8\spring-expression-6.0.8.jar;C:\Users\21261\.m2\repository\org\springdoc\springdoc-openapi-starter-webmvc-ui\2.1.0\springdoc-openapi-starter-webmvc-ui-2.1.0.jar;C:\Users\21261\.m2\repository\org\springdoc\springdoc-openapi-starter-webmvc-api\2.1.0\springdoc-openapi-starter-webmvc-api-2.1.0.jar;C:\Users\21261\.m2\repository\org\springdoc\springdoc-openapi-starter-common\2.1.0\springdoc-openapi-starter-common-2.1.0.jar;C:\Users\21261\.m2\repository\io\swagger\core\v3\swagger-core-jakarta\2.2.9\swagger-core-jakarta-2.2.9.jar;C:\Users\21261\.m2\repository\org\apache\commons\commons-lang3\3.12.0\commons-lang3-3.12.0.jar;C:\Users\21261\.m2\repository\io\swagger\core\v3\swagger-annotations-jakarta\2.2.9\swagger-annotations-jakarta-2.2.9.jar;C:\Users\21261\.m2\repository\io\swagger\core\v3\swagger-models-jakarta\2.2.9\swagger-models-jakarta-2.2.9.jar;C:\Users\21261\.m2\repository\com\fasterxml\jackson\dataformat\jackson-dataformat-yaml\2.14.2\jackson-dataformat-yaml-2.14.2.jar;C:\Users\21261\.m2\repository\org\webjars\swagger-ui\4.18.2\swagger-ui-4.18.2.jar;C:\Users\21261\.m2\repository\org\springframework\boot\spring-boot-starter-validation\3.0.6\spring-boot-starter-validation-3.0.6.jar;C:\Users\21261\.m2\repository\org\apache\tomcat\embed\tomcat-embed-el\10.1.8\tomcat-embed-el-10.1.8.jar;C:\Users\21261\.m2\repository\org\hibernate\validator\hibernate-validator\8.0.0.Final\hibernate-validator-8.0.0.Final.jar;C:\Users\21261\.m2\repository\jakarta\validation\jakarta.validation-api\3.0.2\jakarta.validation-api-3.0.2.jar;C:\Users\21261\.m2\repository\org\springframework\boot\spring-boot-devtools\3.0.6\spring-boot-devtools-3.0.6.jar;C:\Users\21261\.m2\repository\org\springframework\boot\spring-boot\3.0.6\spring-boot-3.0.6.jar;C:\Users\21261\.m2\repository\org\springframework\boot\spring-boot-autoconfigure\3.0.6\spring-boot-autoconfigure-3.0.6.jar;C:\Users\21261\.m2\repository\com\mysql\mysql-connector-j\8.0.33\mysql-connector-j-8.0.33.jar;C:\Users\21261\.m2\repository\org\springframework\boot\spring-boot-starter-tomcat\3.0.6\spring-boot-starter-tomcat-3.0.6.jar;C:\Users\21261\.m2\repository\jakarta\annotation\jakarta.annotation-api\2.1.1\jakarta.annotation-api-2.1.1.jar;C:\Users\21261\.m2\repository\org\apache\tomcat\embed\tomcat-embed-core\10.1.8\tomcat-embed-core-10.1.8.jar;C:\Users\21261\.m2\repository\org\apache\tomcat\embed\tomcat-embed-websocket\10.1.8\tomcat-embed-websocket-10.1.8.jar;C:\Users\21261\.m2\repository\org\projectlombok\lombok\1.18.26\lombok-1.18.26.jar;C:\Users\21261\.m2\repository\jakarta\xml\bind\jakarta.xml.bind-api\4.0.0\jakarta.xml.bind-api-4.0.0.jar;C:\Users\21261\.m2\repository\jakarta\activation\jakarta.activation-api\2.1.1\jakarta.activation-api-2.1.1.jar;C:\Users\21261\.m2\repository\org\springframework\spring-core\6.0.8\spring-core-6.0.8.jar;C:\Users\21261\.m2\repository\org\springframework\spring-jcl\6.0.8\spring-jcl-6.0.8.jar
Launcher Type: SUN_STANDARD

[Global flags]
     intx CICompilerCount                          = 4                                         {product} {ergonomic}
     uint ConcGCThreads                            = 2                                         {product} {ergonomic}
     uint G1ConcRefinementThreads                  = 8                                         {product} {ergonomic}
   size_t G1HeapRegionSize                         = 2097152                                   {product} {ergonomic}
    uintx GCDrainStackTargetSize                   = 64                                        {product} {ergonomic}
   size_t InitialHeapSize                          = 132120576                                 {product} {ergonomic}
   size_t MarkStackSize                            = 4194304                                   {product} {ergonomic}
   size_t MaxHeapSize                              = 4294967296                                {product} {command line}
   size_t MaxNewSize                               = 2575302656                                {product} {ergonomic}
   size_t MinHeapDeltaBytes                        = 2097152                                   {product} {ergonomic}
   size_t MinHeapSize                              = 8388608                                   {product} {ergonomic}
    uintx NonNMethodCodeHeapSize                   = 5839372                                {pd product} {ergonomic}
    uintx NonProfiledCodeHeapSize                  = 122909434                              {pd product} {ergonomic}
    uintx ProfiledCodeHeapSize                     = 122909434                              {pd product} {ergonomic}
    uintx ReservedCodeCacheSize                    = 251658240                              {pd product} {ergonomic}
     bool SegmentedCodeCache                       = true                                      {product} {ergonomic}
   size_t SoftMaxHeapSize                          = 4294967296                             {manageable} {ergonomic}
     bool UseCompressedClassPointers               = true                           {product lp64_product} {ergonomic}
     bool UseCompressedOops                        = true                           {product lp64_product} {ergonomic}
     bool UseG1GC                                  = true                                      {product} {ergonomic}
     bool UseLargePagesIndividualAllocation        = false                                  {pd product} {ergonomic}

Logging:
Log output configuration:
 #0: stdout all=warning uptime,level,tags foldmultilines=false
 #1: stderr all=off uptime,level,tags foldmultilines=false

Environment Variables:
JAVA_HOME=C:\Program Files\Java\jdk-20\bin
_JAVA_OPTIONS=-Xmx4096m
PATH=C:\Program Files\Common Files\Oracle\Java\javapath;C:\Program Files (x86)\VMware\VMware Player\bin\;C:\Oracle21c\WINDOWS.X64_213000_db_home\bin;C:\Program Files (x86)\Intel\iCLS Client\;C:\Program Files\Intel\iCLS Client\;C:\WINDOWS\system32;C:\WINDOWS;C:\WINDOWS\System32\Wbem;C:\WINDOWS\System32\WindowsPowerShell\v1.0\;C:\Program Files (x86)\Intel\Intel(R) Management Engine Components\DAL;C:\Program Files\Intel\Intel(R) Management Engine Components\DAL;C:\Program Files (x86)\Intel\Intel(R) Management Engine Components\IPT;C:\Program Files\Intel\Intel(R) Management Engine Components\IPT;C:\WINDOWS\System32\OpenSSH\;C:\TDM-GCC-64\bin;C:\Program Files\Microsoft SQL Server\Client SDK\ODBC\170\Tools\Binn\;C:\Program Files (x86)\Microsoft SQL Server\150\Tools\Binn\;C:\Program Files\Microsoft SQL Server\150\Tools\Binn\;C:\Program Files\Microsoft SQL Server\150\DTS\Binn\;C:\Program Files (x86)\Microsoft SQL Server\150\DTS\Binn\;C:\Program Files\Git\cmd;C:\Program Files\dotnet\;C:\Program Files\nodejs\;C:\flex;C:\Program Files\MongoDB\Server\6.0\bin;C:\mongosh-1.7.1\bin;C:\Program Files\Docker\Docker\resources\bin;C:\Program Files\Microsoft SQL Server\120\DTS\Binn\;C:\Program Files\Microsoft SQL Server\Client SDK\ODBC\110\Tools\Binn\;C:\Program Files (x86)\Microsoft SQL Server\120\Tools\Binn\;C:\Program Files\Microsoft SQL Server\120\Tools\Binn\;C:\Program Files (x86)\Microsoft SQL Server\120\Tools\Binn\ManagementStudio\;C:\Program Files (x86)\Microsoft SQL Server\120\DTS\Binn\;C:\Program Files\Java\jdk-20\bin;;%SystemRoot%\system32;%SystemRoot%;%SystemRoot%\System32\Wbem;%SYSTEMROOT%\System32\WindowsPowerShell\v1.0\;%SYSTEMROOT%\System32\OpenSSH\;C:\Users\21261\AppData\Local\Microsoft\WindowsApps;C:\Program Files\CodeBlocks\MinGW\bin;C:\Program Files\JetBrains\PhpStorm 2021.2.3\bin;;C:\xampp\php;C:\Program Files\Azure Data Studio\bin;C:\Users\21261\.dotnet\tools;C:\Program Files\Eclipse Adoptium\jdk-17.0.4.101-hotspot\bin;C:\Users\21261\AppData\Roaming\npm;C:\Program Files\JetBrains\IntelliJ IDEA 2022.2.3\bin;;C:\Program Files\JetBrains\IntelliJ IDEA Community Edition 2023.1\bin;;C:\Users\21261\AppData\Local\progmicro\Microsoft VS Code\bin;
USERNAME=21261
OS=Windows_NT
PROCESSOR_IDENTIFIER=Intel64 Family 6 Model 142 Stepping 10, GenuineIntel
TMP=C:\Users\21261\AppData\Local\Temp
TEMP=C:\Users\21261\AppData\Local\Temp




---------------  S Y S T E M  ---------------

OS:
 Windows 11 , 64 bit Build 22621 (10.0.22621.1778)
OS uptime: 2 days 13:48 hours
Hyper-V role detected

CPU: total 8 (initial active 8) (4 cores per cpu, 2 threads per core) family 6 model 142 stepping 10 microcode 0xe0, cx8, cmov, fxsr, ht, mmx, 3dnowpref, sse, sse2, sse3, ssse3, sse4.1, sse4.2, popcnt, lzcnt, tsc, tscinvbit, avx, avx2, aes, erms, clmul, bmi1, bmi2, adx, fma, vzeroupper, clflush, clflushopt, hv, rdtscp, f16c

Memory: 4k page, system-wide physical 8007M (1192M free)
TotalPageFile size 14007M (AvailPageFile size 5M)
current process WorkingSet (physical memory assigned to process): 176M, peak: 176M
current process commit charge ("private bytes"): 226M, peak: 283M

vm_info: OpenJDK 64-Bit Server VM (20+36-2344) for windows-amd64 JRE (20+36-2344), built on 2023-02-10T19:30:15Z by "mach5one" with MS VC++ 17.1 (VS2022)

END.
